2025-06-29 18:50:40.263 [main] INFO  com.hli.order.OrderMainApplication - Starting OrderMainApplication using Java 21.0.6 with PID 30428 (E:\项目暂存\cloud2025\services\service-order\target\classes started by lihao in E:\项目暂存\cloud2025)
2025-06-29 18:50:40.263 [main] INFO  com.hli.order.OrderMainApplication - No active profile set, falling back to 1 default profile: "default"
2025-06-29 18:50:40.643 [main] INFO  o.s.cloud.context.scope.GenericScope - BeanFactory id=25b4fa67-d3e1-3705-8f5a-36baf6e57a43
2025-06-29 18:50:40.812 [main] INFO  o.s.b.w.e.tomcat.TomcatWebServer - Tomcat initialized with port 8200 (http)
2025-06-29 18:50:40.820 [main] INFO  o.a.coyote.http11.Http11NioProtocol - Initializing ProtocolHandler ["http-nio-8200"]
2025-06-29 18:50:40.822 [main] INFO  o.a.catalina.core.StandardService - Starting service [Tomcat]
2025-06-29 18:50:40.823 [main] INFO  o.a.catalina.core.StandardEngine - Starting Servlet engine: [Apache Tomcat/10.1.42]
2025-06-29 18:50:40.861 [main] INFO  o.a.c.c.C.[Tomcat].[localhost].[/] - Initializing Spring embedded WebApplicationContext
2025-06-29 18:50:40.861 [main] INFO  o.s.b.w.s.c.ServletWebServerApplicationContext - Root WebApplicationContext: initialization completed in 571 ms
2025-06-29 18:50:41.139 [main] INFO  o.a.coyote.http11.Http11NioProtocol - Starting ProtocolHandler ["http-nio-8200"]
2025-06-29 18:50:41.151 [main] INFO  o.s.b.w.e.tomcat.TomcatWebServer - Tomcat started on port 8200 (http) with context path '/'
2025-06-29 18:50:41.799 [main] INFO  c.a.c.n.r.NacosServiceRegistry - nacos registry, DEFAULT_GROUP service-order 192.168.6.1:8200 register finished
2025-06-29 18:50:41.811 [main] INFO  com.hli.order.OrderMainApplication - Started OrderMainApplication in 1.963 seconds (process running for 2.61)
2025-06-29 18:51:40.136 [SpringApplicationShutdownHook] INFO  c.a.c.n.r.NacosServiceRegistry - De-registering from Nacos Server now...
2025-06-29 18:51:40.141 [SpringApplicationShutdownHook] INFO  c.a.c.n.r.NacosServiceRegistry - De-registration finished.
2025-06-29 18:51:47.724 [main] INFO  com.hli.order.OrderMainApplication - Starting OrderMainApplication using Java 21.0.6 with PID 29508 (E:\项目暂存\cloud2025\services\service-order\target\classes started by lihao in E:\项目暂存\cloud2025)
2025-06-29 18:51:47.724 [main] INFO  com.hli.order.OrderMainApplication - No active profile set, falling back to 1 default profile: "default"
2025-06-29 18:51:48.112 [main] INFO  o.s.cloud.context.scope.GenericScope - BeanFactory id=25b4fa67-d3e1-3705-8f5a-36baf6e57a43
2025-06-29 18:51:48.272 [main] INFO  o.s.b.w.e.tomcat.TomcatWebServer - Tomcat initialized with port 8200 (http)
2025-06-29 18:51:48.280 [main] INFO  o.a.coyote.http11.Http11NioProtocol - Initializing ProtocolHandler ["http-nio-8200"]
2025-06-29 18:51:48.281 [main] INFO  o.a.catalina.core.StandardService - Starting service [Tomcat]
2025-06-29 18:51:48.281 [main] INFO  o.a.catalina.core.StandardEngine - Starting Servlet engine: [Apache Tomcat/10.1.42]
2025-06-29 18:51:48.316 [main] INFO  o.a.c.c.C.[Tomcat].[localhost].[/] - Initializing Spring embedded WebApplicationContext
2025-06-29 18:51:48.316 [main] INFO  o.s.b.w.s.c.ServletWebServerApplicationContext - Root WebApplicationContext: initialization completed in 566 ms
2025-06-29 18:51:48.594 [main] INFO  o.a.coyote.http11.Http11NioProtocol - Starting ProtocolHandler ["http-nio-8200"]
2025-06-29 18:51:48.610 [main] INFO  o.s.b.w.e.tomcat.TomcatWebServer - Tomcat started on port 8200 (http) with context path '/'
2025-06-29 18:51:49.294 [main] INFO  c.a.c.n.r.NacosServiceRegistry - nacos registry, DEFAULT_GROUP service-order 192.168.6.1:8200 register finished
2025-06-29 18:51:49.305 [main] INFO  com.hli.order.OrderMainApplication - Started OrderMainApplication in 2.014 seconds (process running for 2.566)
2025-06-29 18:52:08.599 [SpringApplicationShutdownHook] INFO  c.a.c.n.r.NacosServiceRegistry - De-registering from Nacos Server now...
2025-06-29 18:52:08.605 [SpringApplicationShutdownHook] INFO  c.a.c.n.r.NacosServiceRegistry - De-registration finished.
2025-06-29 18:52:18.627 [SpringApplicationShutdownHook] INFO  o.s.b.w.e.tomcat.GracefulShutdown - Commencing graceful shutdown. Waiting for active requests to complete
2025-06-29 18:52:18.641 [tomcat-shutdown] INFO  o.s.b.w.e.tomcat.GracefulShutdown - Graceful shutdown complete
2025-06-29 18:52:20.483 [main] INFO  com.hli.order.OrderMainApplication - Starting OrderMainApplication using Java 21.0.6 with PID 612 (E:\项目暂存\cloud2025\services\service-order\target\classes started by lihao in E:\项目暂存\cloud2025)
2025-06-29 18:52:20.484 [main] INFO  com.hli.order.OrderMainApplication - No active profile set, falling back to 1 default profile: "default"
2025-06-29 18:52:20.864 [main] INFO  o.s.cloud.context.scope.GenericScope - BeanFactory id=25b4fa67-d3e1-3705-8f5a-36baf6e57a43
2025-06-29 18:52:21.025 [main] INFO  o.s.b.w.e.tomcat.TomcatWebServer - Tomcat initialized with port 8200 (http)
2025-06-29 18:52:21.034 [main] INFO  o.a.coyote.http11.Http11NioProtocol - Initializing ProtocolHandler ["http-nio-8200"]
2025-06-29 18:52:21.035 [main] INFO  o.a.catalina.core.StandardService - Starting service [Tomcat]
2025-06-29 18:52:21.035 [main] INFO  o.a.catalina.core.StandardEngine - Starting Servlet engine: [Apache Tomcat/10.1.42]
2025-06-29 18:52:21.071 [main] INFO  o.a.c.c.C.[Tomcat].[localhost].[/] - Initializing Spring embedded WebApplicationContext
2025-06-29 18:52:21.071 [main] INFO  o.s.b.w.s.c.ServletWebServerApplicationContext - Root WebApplicationContext: initialization completed in 561 ms
2025-06-29 18:52:21.346 [main] INFO  o.a.coyote.http11.Http11NioProtocol - Starting ProtocolHandler ["http-nio-8200"]
2025-06-29 18:52:21.363 [main] INFO  o.s.b.w.e.tomcat.TomcatWebServer - Tomcat started on port 8200 (http) with context path '/'
2025-06-29 18:52:22.011 [main] INFO  c.a.c.n.r.NacosServiceRegistry - nacos registry, DEFAULT_GROUP service-order 192.168.6.1:8200 register finished
2025-06-29 18:52:22.023 [main] INFO  com.hli.order.OrderMainApplication - Started OrderMainApplication in 1.955 seconds (process running for 2.501)
2025-06-29 19:00:50.799 [SpringApplicationShutdownHook] INFO  c.a.c.n.r.NacosServiceRegistry - De-registering from Nacos Server now...
2025-06-29 19:00:50.805 [SpringApplicationShutdownHook] INFO  c.a.c.n.r.NacosServiceRegistry - De-registration finished.
2025-06-29 19:01:02.111 [main] INFO  com.hli.order.OrderMainApplication - Starting OrderMainApplication using Java 21.0.6 with PID 26972 (E:\项目暂存\cloud2025\services\service-order\target\classes started by lihao in E:\项目暂存\cloud2025)
2025-06-29 19:01:02.112 [main] INFO  com.hli.order.OrderMainApplication - No active profile set, falling back to 1 default profile: "default"
2025-06-29 19:01:02.487 [main] INFO  o.s.cloud.context.scope.GenericScope - BeanFactory id=25b4fa67-d3e1-3705-8f5a-36baf6e57a43
2025-06-29 19:01:02.645 [main] INFO  o.s.b.w.e.tomcat.TomcatWebServer - Tomcat initialized with port 8200 (http)
2025-06-29 19:01:02.654 [main] INFO  o.a.coyote.http11.Http11NioProtocol - Initializing ProtocolHandler ["http-nio-8200"]
2025-06-29 19:01:02.655 [main] INFO  o.a.catalina.core.StandardService - Starting service [Tomcat]
2025-06-29 19:01:02.655 [main] INFO  o.a.catalina.core.StandardEngine - Starting Servlet engine: [Apache Tomcat/10.1.42]
2025-06-29 19:01:02.690 [main] INFO  o.a.c.c.C.[Tomcat].[localhost].[/] - Initializing Spring embedded WebApplicationContext
2025-06-29 19:01:02.690 [main] INFO  o.s.b.w.s.c.ServletWebServerApplicationContext - Root WebApplicationContext: initialization completed in 553 ms
2025-06-29 19:01:02.980 [main] INFO  o.a.coyote.http11.Http11NioProtocol - Starting ProtocolHandler ["http-nio-8200"]
2025-06-29 19:01:02.997 [main] INFO  o.s.b.w.e.tomcat.TomcatWebServer - Tomcat started on port 8200 (http) with context path '/'
2025-06-29 19:01:03.657 [main] INFO  c.a.c.n.r.NacosServiceRegistry - nacos registry, DEFAULT_GROUP service-order 192.168.6.1:8200 register finished
2025-06-29 19:01:03.667 [main] INFO  com.hli.order.OrderMainApplication - Started OrderMainApplication in 1.972 seconds (process running for 2.505)
2025-06-29 19:03:15.284 [SpringApplicationShutdownHook] INFO  c.a.c.n.r.NacosServiceRegistry - De-registering from Nacos Server now...
2025-06-29 19:03:15.292 [SpringApplicationShutdownHook] INFO  c.a.c.n.r.NacosServiceRegistry - De-registration finished.
2025-06-29 19:03:25.302 [SpringApplicationShutdownHook] INFO  o.s.b.w.e.tomcat.GracefulShutdown - Commencing graceful shutdown. Waiting for active requests to complete
2025-06-29 19:03:25.318 [tomcat-shutdown] INFO  o.s.b.w.e.tomcat.GracefulShutdown - Graceful shutdown complete
2025-06-29 19:03:29.507 [main] INFO  com.hli.order.OrderMainApplication - Starting OrderMainApplication using Java 21.0.6 with PID 25840 (E:\项目暂存\cloud2025\services\service-order\target\classes started by lihao in E:\项目暂存\cloud2025)
2025-06-29 19:03:29.507 [main] INFO  com.hli.order.OrderMainApplication - No active profile set, falling back to 1 default profile: "default"
2025-06-29 19:03:29.882 [main] INFO  o.s.cloud.context.scope.GenericScope - BeanFactory id=25b4fa67-d3e1-3705-8f5a-36baf6e57a43
2025-06-29 19:03:30.044 [main] INFO  o.s.b.w.e.tomcat.TomcatWebServer - Tomcat initialized with port 8200 (http)
2025-06-29 19:03:30.053 [main] INFO  o.a.coyote.http11.Http11NioProtocol - Initializing ProtocolHandler ["http-nio-8200"]
2025-06-29 19:03:30.054 [main] INFO  o.a.catalina.core.StandardService - Starting service [Tomcat]
2025-06-29 19:03:30.054 [main] INFO  o.a.catalina.core.StandardEngine - Starting Servlet engine: [Apache Tomcat/10.1.42]
2025-06-29 19:03:30.094 [main] INFO  o.a.c.c.C.[Tomcat].[localhost].[/] - Initializing Spring embedded WebApplicationContext
2025-06-29 19:03:30.095 [main] INFO  o.s.b.w.s.c.ServletWebServerApplicationContext - Root WebApplicationContext: initialization completed in 561 ms
2025-06-29 19:03:30.369 [main] INFO  o.a.coyote.http11.Http11NioProtocol - Starting ProtocolHandler ["http-nio-8200"]
2025-06-29 19:03:30.380 [main] INFO  o.s.b.w.e.tomcat.TomcatWebServer - Tomcat started on port 8200 (http) with context path '/'
2025-06-29 19:03:31.032 [main] INFO  c.a.c.n.r.NacosServiceRegistry - nacos registry, DEFAULT_GROUP service-order 192.168.6.1:8200 register finished
2025-06-29 19:03:31.042 [main] INFO  com.hli.order.OrderMainApplication - Started OrderMainApplication in 1.953 seconds (process running for 2.493)
2025-06-29 19:03:35.816 [http-nio-8200-exec-1] INFO  o.a.c.c.C.[Tomcat].[localhost].[/] - Initializing Spring DispatcherServlet 'dispatcherServlet'
2025-06-29 19:03:35.816 [http-nio-8200-exec-1] INFO  o.s.web.servlet.DispatcherServlet - Initializing Servlet 'dispatcherServlet'
2025-06-29 19:03:35.817 [http-nio-8200-exec-1] INFO  o.s.web.servlet.DispatcherServlet - Completed initialization in 1 ms
2025-06-29 19:32:25.165 [SpringApplicationShutdownHook] INFO  c.a.c.n.r.NacosServiceRegistry - De-registering from Nacos Server now...
2025-06-29 19:32:25.171 [SpringApplicationShutdownHook] INFO  c.a.c.n.r.NacosServiceRegistry - De-registration finished.
2025-06-29 19:32:35.184 [SpringApplicationShutdownHook] INFO  o.s.b.w.e.tomcat.GracefulShutdown - Commencing graceful shutdown. Waiting for active requests to complete
2025-06-29 19:32:35.192 [tomcat-shutdown] INFO  o.s.b.w.e.tomcat.GracefulShutdown - Graceful shutdown complete
2025-06-29 19:32:38.543 [main] INFO  com.hli.order.OrderMainApplication - Starting OrderMainApplication using Java 21.0.6 with PID 26088 (E:\项目暂存\cloud2025\services\service-order\target\classes started by lihao in E:\项目暂存\cloud2025)
2025-06-29 19:32:38.544 [main] INFO  com.hli.order.OrderMainApplication - No active profile set, falling back to 1 default profile: "default"
2025-06-29 19:32:38.930 [main] INFO  o.s.cloud.context.scope.GenericScope - BeanFactory id=25b4fa67-d3e1-3705-8f5a-36baf6e57a43
2025-06-29 19:32:39.083 [main] INFO  o.s.b.w.e.tomcat.TomcatWebServer - Tomcat initialized with port 8200 (http)
2025-06-29 19:32:39.091 [main] INFO  o.a.coyote.http11.Http11NioProtocol - Initializing ProtocolHandler ["http-nio-8200"]
2025-06-29 19:32:39.092 [main] INFO  o.a.catalina.core.StandardService - Starting service [Tomcat]
2025-06-29 19:32:39.092 [main] INFO  o.a.catalina.core.StandardEngine - Starting Servlet engine: [Apache Tomcat/10.1.42]
2025-06-29 19:32:39.130 [main] INFO  o.a.c.c.C.[Tomcat].[localhost].[/] - Initializing Spring embedded WebApplicationContext
2025-06-29 19:32:39.131 [main] INFO  o.s.b.w.s.c.ServletWebServerApplicationContext - Root WebApplicationContext: initialization completed in 559 ms
2025-06-29 19:32:39.839 [main] INFO  o.a.coyote.http11.Http11NioProtocol - Starting ProtocolHandler ["http-nio-8200"]
2025-06-29 19:32:39.858 [main] INFO  o.s.b.w.e.tomcat.TomcatWebServer - Tomcat started on port 8200 (http) with context path '/'
2025-06-29 19:32:40.519 [main] INFO  c.a.c.n.r.NacosServiceRegistry - nacos registry, DEFAULT_GROUP service-order 192.168.6.1:8200 register finished
2025-06-29 19:32:40.541 [main] INFO  com.hli.order.OrderMainApplication - Started OrderMainApplication in 2.444 seconds (process running for 2.985)
2025-06-29 19:33:09.243 [SpringApplicationShutdownHook] INFO  c.a.c.n.r.NacosServiceRegistry - De-registering from Nacos Server now...
2025-06-29 19:33:09.248 [SpringApplicationShutdownHook] INFO  c.a.c.n.r.NacosServiceRegistry - De-registration finished.
2025-06-29 19:33:15.356 [main] INFO  com.hli.order.OrderMainApplication - Starting OrderMainApplication using Java 21.0.6 with PID 28076 (E:\项目暂存\cloud2025\services\service-order\target\classes started by lihao in E:\项目暂存\cloud2025)
2025-06-29 19:33:15.357 [main] INFO  com.hli.order.OrderMainApplication - No active profile set, falling back to 1 default profile: "default"
2025-06-29 19:33:15.729 [main] INFO  o.s.cloud.context.scope.GenericScope - BeanFactory id=25b4fa67-d3e1-3705-8f5a-36baf6e57a43
2025-06-29 19:33:15.878 [main] INFO  o.s.b.w.e.tomcat.TomcatWebServer - Tomcat initialized with port 8200 (http)
2025-06-29 19:33:15.886 [main] INFO  o.a.coyote.http11.Http11NioProtocol - Initializing ProtocolHandler ["http-nio-8200"]
2025-06-29 19:33:15.887 [main] INFO  o.a.catalina.core.StandardService - Starting service [Tomcat]
2025-06-29 19:33:15.887 [main] INFO  o.a.catalina.core.StandardEngine - Starting Servlet engine: [Apache Tomcat/10.1.42]
2025-06-29 19:33:15.921 [main] INFO  o.a.c.c.C.[Tomcat].[localhost].[/] - Initializing Spring embedded WebApplicationContext
2025-06-29 19:33:15.922 [main] INFO  o.s.b.w.s.c.ServletWebServerApplicationContext - Root WebApplicationContext: initialization completed in 533 ms
2025-06-29 19:33:16.190 [main] INFO  o.a.coyote.http11.Http11NioProtocol - Starting ProtocolHandler ["http-nio-8200"]
2025-06-29 19:33:16.202 [main] INFO  o.s.b.w.e.tomcat.TomcatWebServer - Tomcat started on port 8200 (http) with context path '/'
2025-06-29 19:33:16.895 [main] INFO  c.a.c.n.r.NacosServiceRegistry - nacos registry, DEFAULT_GROUP service-order 192.168.6.1:8200 register finished
2025-06-29 19:33:16.908 [main] INFO  com.hli.order.OrderMainApplication - Started OrderMainApplication in 2.1 seconds (process running for 2.703)
2025-06-29 19:33:49.943 [SpringApplicationShutdownHook] INFO  c.a.c.n.r.NacosServiceRegistry - De-registering from Nacos Server now...
2025-06-29 19:33:49.948 [SpringApplicationShutdownHook] INFO  c.a.c.n.r.NacosServiceRegistry - De-registration finished.
2025-06-29 19:33:59.607 [main] INFO  com.hli.order.OrderMainApplication - Starting OrderMainApplication using Java 21.0.6 with PID 25476 (E:\项目暂存\cloud2025\services\service-order\target\classes started by lihao in E:\项目暂存\cloud2025)
2025-06-29 19:33:59.608 [main] INFO  com.hli.order.OrderMainApplication - No active profile set, falling back to 1 default profile: "default"
2025-06-29 19:34:00.004 [main] INFO  o.s.cloud.context.scope.GenericScope - BeanFactory id=25b4fa67-d3e1-3705-8f5a-36baf6e57a43
2025-06-29 19:34:00.182 [main] INFO  o.s.b.w.e.tomcat.TomcatWebServer - Tomcat initialized with port 8200 (http)
2025-06-29 19:34:00.191 [main] INFO  o.a.coyote.http11.Http11NioProtocol - Initializing ProtocolHandler ["http-nio-8200"]
2025-06-29 19:34:00.192 [main] INFO  o.a.catalina.core.StandardService - Starting service [Tomcat]
2025-06-29 19:34:00.192 [main] INFO  o.a.catalina.core.StandardEngine - Starting Servlet engine: [Apache Tomcat/10.1.42]
2025-06-29 19:34:00.234 [main] INFO  o.a.c.c.C.[Tomcat].[localhost].[/] - Initializing Spring embedded WebApplicationContext
2025-06-29 19:34:00.234 [main] INFO  o.s.b.w.s.c.ServletWebServerApplicationContext - Root WebApplicationContext: initialization completed in 589 ms
2025-06-29 19:34:00.528 [main] INFO  o.a.coyote.http11.Http11NioProtocol - Starting ProtocolHandler ["http-nio-8200"]
2025-06-29 19:34:00.540 [main] INFO  o.s.b.w.e.tomcat.TomcatWebServer - Tomcat started on port 8200 (http) with context path '/'
2025-06-29 19:34:01.229 [main] INFO  c.a.c.n.r.NacosServiceRegistry - nacos registry, DEFAULT_GROUP service-order 192.168.6.1:8200 register finished
2025-06-29 19:34:01.241 [main] INFO  com.hli.order.OrderMainApplication - Started OrderMainApplication in 2.208 seconds (process running for 2.885)
2025-06-29 19:38:32.507 [SpringApplicationShutdownHook] INFO  c.a.c.n.r.NacosServiceRegistry - De-registering from Nacos Server now...
2025-06-29 19:38:32.513 [SpringApplicationShutdownHook] INFO  c.a.c.n.r.NacosServiceRegistry - De-registration finished.
2025-06-29 19:38:42.531 [SpringApplicationShutdownHook] INFO  o.s.b.w.e.tomcat.GracefulShutdown - Commencing graceful shutdown. Waiting for active requests to complete
2025-06-29 19:38:42.546 [tomcat-shutdown] INFO  o.s.b.w.e.tomcat.GracefulShutdown - Graceful shutdown complete
2025-06-29 19:38:44.520 [main] INFO  com.hli.order.OrderMainApplication - Starting OrderMainApplication using Java 21.0.6 with PID 30356 (E:\项目暂存\cloud2025\services\service-order\target\classes started by lihao in E:\项目暂存\cloud2025)
2025-06-29 19:38:44.520 [main] INFO  com.hli.order.OrderMainApplication - No active profile set, falling back to 1 default profile: "default"
2025-06-29 19:38:44.892 [main] INFO  o.s.cloud.context.scope.GenericScope - BeanFactory id=25b4fa67-d3e1-3705-8f5a-36baf6e57a43
2025-06-29 19:38:45.053 [main] INFO  o.s.b.w.e.tomcat.TomcatWebServer - Tomcat initialized with port 8200 (http)
2025-06-29 19:38:45.061 [main] INFO  o.a.coyote.http11.Http11NioProtocol - Initializing ProtocolHandler ["http-nio-8200"]
2025-06-29 19:38:45.062 [main] INFO  o.a.catalina.core.StandardService - Starting service [Tomcat]
2025-06-29 19:38:45.063 [main] INFO  o.a.catalina.core.StandardEngine - Starting Servlet engine: [Apache Tomcat/10.1.42]
2025-06-29 19:38:45.101 [main] INFO  o.a.c.c.C.[Tomcat].[localhost].[/] - Initializing Spring embedded WebApplicationContext
2025-06-29 19:38:45.101 [main] INFO  o.s.b.w.s.c.ServletWebServerApplicationContext - Root WebApplicationContext: initialization completed in 555 ms
2025-06-29 19:38:45.380 [main] INFO  o.a.coyote.http11.Http11NioProtocol - Starting ProtocolHandler ["http-nio-8200"]
2025-06-29 19:38:45.393 [main] INFO  o.s.b.w.e.tomcat.TomcatWebServer - Tomcat started on port 8200 (http) with context path '/'
2025-06-29 19:38:46.073 [main] INFO  c.a.c.n.r.NacosServiceRegistry - nacos registry, DEFAULT_GROUP service-order 192.168.6.1:8200 register finished
2025-06-29 19:38:46.083 [main] INFO  com.hli.order.OrderMainApplication - Started OrderMainApplication in 1.992 seconds (process running for 2.545)
2025-06-29 19:39:31.166 [SpringApplicationShutdownHook] INFO  c.a.c.n.r.NacosServiceRegistry - De-registering from Nacos Server now...
2025-06-29 19:39:31.172 [SpringApplicationShutdownHook] INFO  c.a.c.n.r.NacosServiceRegistry - De-registration finished.
2025-06-29 19:39:40.819 [main] INFO  com.hli.order.OrderMainApplication - Starting OrderMainApplication using Java 21.0.6 with PID 29220 (E:\项目暂存\cloud2025\services\service-order\target\classes started by lihao in E:\项目暂存\cloud2025)
2025-06-29 19:39:40.820 [main] INFO  com.hli.order.OrderMainApplication - No active profile set, falling back to 1 default profile: "default"
2025-06-29 19:39:41.189 [main] INFO  o.s.cloud.context.scope.GenericScope - BeanFactory id=25b4fa67-d3e1-3705-8f5a-36baf6e57a43
2025-06-29 19:39:41.341 [main] INFO  o.s.b.w.e.tomcat.TomcatWebServer - Tomcat initialized with port 8200 (http)
2025-06-29 19:39:41.350 [main] INFO  o.a.coyote.http11.Http11NioProtocol - Initializing ProtocolHandler ["http-nio-8200"]
2025-06-29 19:39:41.351 [main] INFO  o.a.catalina.core.StandardService - Starting service [Tomcat]
2025-06-29 19:39:41.351 [main] INFO  o.a.catalina.core.StandardEngine - Starting Servlet engine: [Apache Tomcat/10.1.42]
2025-06-29 19:39:41.389 [main] INFO  o.a.c.c.C.[Tomcat].[localhost].[/] - Initializing Spring embedded WebApplicationContext
2025-06-29 19:39:41.390 [main] INFO  o.s.b.w.s.c.ServletWebServerApplicationContext - Root WebApplicationContext: initialization completed in 543 ms
2025-06-29 19:39:41.687 [main] INFO  o.a.coyote.http11.Http11NioProtocol - Starting ProtocolHandler ["http-nio-8200"]
2025-06-29 19:39:41.703 [main] INFO  o.s.b.w.e.tomcat.TomcatWebServer - Tomcat started on port 8200 (http) with context path '/'
2025-06-29 19:39:42.396 [main] INFO  c.a.c.n.r.NacosServiceRegistry - nacos registry, DEFAULT_GROUP service-order 192.168.6.1:8200 register finished
2025-06-29 19:39:42.408 [main] INFO  com.hli.order.OrderMainApplication - Started OrderMainApplication in 2.001 seconds (process running for 2.566)
2025-06-29 19:40:01.221 [SpringApplicationShutdownHook] INFO  c.a.c.n.r.NacosServiceRegistry - De-registering from Nacos Server now...
2025-06-29 19:40:01.226 [SpringApplicationShutdownHook] INFO  c.a.c.n.r.NacosServiceRegistry - De-registration finished.
2025-06-29 19:40:11.240 [SpringApplicationShutdownHook] INFO  o.s.b.w.e.tomcat.GracefulShutdown - Commencing graceful shutdown. Waiting for active requests to complete
2025-06-29 19:40:11.253 [tomcat-shutdown] INFO  o.s.b.w.e.tomcat.GracefulShutdown - Graceful shutdown complete
2025-06-29 19:40:13.136 [main] INFO  com.hli.order.OrderMainApplication - Starting OrderMainApplication using Java 21.0.6 with PID 26788 (E:\项目暂存\cloud2025\services\service-order\target\classes started by lihao in E:\项目暂存\cloud2025)
2025-06-29 19:40:13.136 [main] INFO  com.hli.order.OrderMainApplication - No active profile set, falling back to 1 default profile: "default"
2025-06-29 19:40:13.499 [main] INFO  o.s.cloud.context.scope.GenericScope - BeanFactory id=25b4fa67-d3e1-3705-8f5a-36baf6e57a43
2025-06-29 19:40:13.647 [main] INFO  o.s.b.w.e.tomcat.TomcatWebServer - Tomcat initialized with port 8200 (http)
2025-06-29 19:40:13.655 [main] INFO  o.a.coyote.http11.Http11NioProtocol - Initializing ProtocolHandler ["http-nio-8200"]
2025-06-29 19:40:13.656 [main] INFO  o.a.catalina.core.StandardService - Starting service [Tomcat]
2025-06-29 19:40:13.657 [main] INFO  o.a.catalina.core.StandardEngine - Starting Servlet engine: [Apache Tomcat/10.1.42]
2025-06-29 19:40:13.693 [main] INFO  o.a.c.c.C.[Tomcat].[localhost].[/] - Initializing Spring embedded WebApplicationContext
2025-06-29 19:40:13.693 [main] INFO  o.s.b.w.s.c.ServletWebServerApplicationContext - Root WebApplicationContext: initialization completed in 529 ms
2025-06-29 19:40:13.992 [main] INFO  o.a.coyote.http11.Http11NioProtocol - Starting ProtocolHandler ["http-nio-8200"]
2025-06-29 19:40:14.008 [main] INFO  o.s.b.w.e.tomcat.TomcatWebServer - Tomcat started on port 8200 (http) with context path '/'
2025-06-29 19:40:14.675 [main] INFO  c.a.c.n.r.NacosServiceRegistry - nacos registry, DEFAULT_GROUP service-order 192.168.6.1:8200 register finished
2025-06-29 19:40:14.686 [main] INFO  com.hli.order.OrderMainApplication - Started OrderMainApplication in 1.974 seconds (process running for 2.514)
2025-06-29 19:41:04.776 [SpringApplicationShutdownHook] INFO  c.a.c.n.r.NacosServiceRegistry - De-registering from Nacos Server now...
2025-06-29 19:41:04.781 [SpringApplicationShutdownHook] INFO  c.a.c.n.r.NacosServiceRegistry - De-registration finished.
2025-06-29 19:41:14.800 [SpringApplicationShutdownHook] INFO  o.s.b.w.e.tomcat.GracefulShutdown - Commencing graceful shutdown. Waiting for active requests to complete
2025-06-29 19:41:14.809 [tomcat-shutdown] INFO  o.s.b.w.e.tomcat.GracefulShutdown - Graceful shutdown complete
2025-06-29 19:41:17.040 [main] INFO  com.hli.order.OrderMainApplication - Starting OrderMainApplication using Java 21.0.6 with PID 11932 (E:\项目暂存\cloud2025\services\service-order\target\classes started by lihao in E:\项目暂存\cloud2025)
2025-06-29 19:41:17.041 [main] INFO  com.hli.order.OrderMainApplication - No active profile set, falling back to 1 default profile: "default"
2025-06-29 19:41:17.410 [main] INFO  o.s.cloud.context.scope.GenericScope - BeanFactory id=25b4fa67-d3e1-3705-8f5a-36baf6e57a43
2025-06-29 19:41:17.560 [main] INFO  o.s.b.w.e.tomcat.TomcatWebServer - Tomcat initialized with port 8200 (http)
2025-06-29 19:41:17.568 [main] INFO  o.a.coyote.http11.Http11NioProtocol - Initializing ProtocolHandler ["http-nio-8200"]
2025-06-29 19:41:17.569 [main] INFO  o.a.catalina.core.StandardService - Starting service [Tomcat]
2025-06-29 19:41:17.569 [main] INFO  o.a.catalina.core.StandardEngine - Starting Servlet engine: [Apache Tomcat/10.1.42]
2025-06-29 19:41:17.607 [main] INFO  o.a.c.c.C.[Tomcat].[localhost].[/] - Initializing Spring embedded WebApplicationContext
2025-06-29 19:41:17.607 [main] INFO  o.s.b.w.s.c.ServletWebServerApplicationContext - Root WebApplicationContext: initialization completed in 537 ms
2025-06-29 19:41:17.891 [main] INFO  o.a.coyote.http11.Http11NioProtocol - Starting ProtocolHandler ["http-nio-8200"]
2025-06-29 19:41:17.910 [main] INFO  o.s.b.w.e.tomcat.TomcatWebServer - Tomcat started on port 8200 (http) with context path '/'
2025-06-29 19:41:18.579 [main] INFO  c.a.c.n.r.NacosServiceRegistry - nacos registry, DEFAULT_GROUP service-order 192.168.6.1:8200 register finished
2025-06-29 19:41:18.591 [main] INFO  com.hli.order.OrderMainApplication - Started OrderMainApplication in 1.962 seconds (process running for 2.511)
2025-06-29 19:41:31.754 [SpringApplicationShutdownHook] INFO  c.a.c.n.r.NacosServiceRegistry - De-registering from Nacos Server now...
2025-06-29 19:41:31.759 [SpringApplicationShutdownHook] INFO  c.a.c.n.r.NacosServiceRegistry - De-registration finished.
2025-06-29 19:41:38.396 [main] INFO  com.hli.order.OrderMainApplication - Starting OrderMainApplication using Java 21.0.6 with PID 27700 (E:\项目暂存\cloud2025\services\service-order\target\classes started by lihao in E:\项目暂存\cloud2025)
2025-06-29 19:41:38.397 [main] INFO  com.hli.order.OrderMainApplication - No active profile set, falling back to 1 default profile: "default"
2025-06-29 19:41:38.781 [main] INFO  o.s.cloud.context.scope.GenericScope - BeanFactory id=25b4fa67-d3e1-3705-8f5a-36baf6e57a43
2025-06-29 19:41:38.937 [main] INFO  o.s.b.w.e.tomcat.TomcatWebServer - Tomcat initialized with port 8200 (http)
2025-06-29 19:41:38.945 [main] INFO  o.a.coyote.http11.Http11NioProtocol - Initializing ProtocolHandler ["http-nio-8200"]
2025-06-29 19:41:38.946 [main] INFO  o.a.catalina.core.StandardService - Starting service [Tomcat]
2025-06-29 19:41:38.946 [main] INFO  o.a.catalina.core.StandardEngine - Starting Servlet engine: [Apache Tomcat/10.1.42]
2025-06-29 19:41:38.986 [main] INFO  o.a.c.c.C.[Tomcat].[localhost].[/] - Initializing Spring embedded WebApplicationContext
2025-06-29 19:41:38.987 [main] INFO  o.s.b.w.s.c.ServletWebServerApplicationContext - Root WebApplicationContext: initialization completed in 560 ms
2025-06-29 19:41:39.298 [main] INFO  o.a.coyote.http11.Http11NioProtocol - Starting ProtocolHandler ["http-nio-8200"]
2025-06-29 19:41:39.316 [main] INFO  o.s.b.w.e.tomcat.TomcatWebServer - Tomcat started on port 8200 (http) with context path '/'
2025-06-29 19:41:39.970 [main] INFO  c.a.c.n.r.NacosServiceRegistry - nacos registry, DEFAULT_GROUP service-order 192.168.6.1:8200 register finished
2025-06-29 19:41:39.996 [main] INFO  com.hli.order.OrderMainApplication - Started OrderMainApplication in 2.024 seconds (process running for 2.584)
2025-06-29 19:41:59.082 [SpringApplicationShutdownHook] INFO  c.a.c.n.r.NacosServiceRegistry - De-registering from Nacos Server now...
2025-06-29 19:41:59.087 [SpringApplicationShutdownHook] INFO  c.a.c.n.r.NacosServiceRegistry - De-registration finished.
2025-06-29 19:42:06.343 [main] INFO  com.hli.order.OrderMainApplication - Starting OrderMainApplication using Java 21.0.6 with PID 27788 (E:\项目暂存\cloud2025\services\service-order\target\classes started by lihao in E:\项目暂存\cloud2025)
2025-06-29 19:42:06.343 [main] INFO  com.hli.order.OrderMainApplication - No active profile set, falling back to 1 default profile: "default"
2025-06-29 19:42:06.706 [main] INFO  o.s.cloud.context.scope.GenericScope - BeanFactory id=25b4fa67-d3e1-3705-8f5a-36baf6e57a43
2025-06-29 19:42:06.855 [main] INFO  o.s.b.w.e.tomcat.TomcatWebServer - Tomcat initialized with port 8200 (http)
2025-06-29 19:42:06.863 [main] INFO  o.a.coyote.http11.Http11NioProtocol - Initializing ProtocolHandler ["http-nio-8200"]
2025-06-29 19:42:06.864 [main] INFO  o.a.catalina.core.StandardService - Starting service [Tomcat]
2025-06-29 19:42:06.864 [main] INFO  o.a.catalina.core.StandardEngine - Starting Servlet engine: [Apache Tomcat/10.1.42]
2025-06-29 19:42:06.900 [main] INFO  o.a.c.c.C.[Tomcat].[localhost].[/] - Initializing Spring embedded WebApplicationContext
2025-06-29 19:42:06.901 [main] INFO  o.s.b.w.s.c.ServletWebServerApplicationContext - Root WebApplicationContext: initialization completed in 530 ms
2025-06-29 19:42:07.174 [main] INFO  o.a.coyote.http11.Http11NioProtocol - Starting ProtocolHandler ["http-nio-8200"]
2025-06-29 19:42:07.187 [main] INFO  o.s.b.w.e.tomcat.TomcatWebServer - Tomcat started on port 8200 (http) with context path '/'
2025-06-29 19:42:07.827 [main] INFO  c.a.c.n.r.NacosServiceRegistry - nacos registry, DEFAULT_GROUP service-order 192.168.6.1:8200 register finished
2025-06-29 19:42:07.840 [main] INFO  com.hli.order.OrderMainApplication - Started OrderMainApplication in 1.915 seconds (process running for 2.469)
2025-06-29 19:42:23.304 [SpringApplicationShutdownHook] INFO  c.a.c.n.r.NacosServiceRegistry - De-registering from Nacos Server now...
2025-06-29 19:42:23.309 [SpringApplicationShutdownHook] INFO  c.a.c.n.r.NacosServiceRegistry - De-registration finished.
2025-06-29 19:42:33.327 [SpringApplicationShutdownHook] INFO  o.s.b.w.e.tomcat.GracefulShutdown - Commencing graceful shutdown. Waiting for active requests to complete
2025-06-29 19:42:33.339 [tomcat-shutdown] INFO  o.s.b.w.e.tomcat.GracefulShutdown - Graceful shutdown complete
2025-06-29 19:42:35.310 [main] INFO  com.hli.order.OrderMainApplication - Starting OrderMainApplication using Java 21.0.6 with PID 24476 (E:\项目暂存\cloud2025\services\service-order\target\classes started by lihao in E:\项目暂存\cloud2025)
2025-06-29 19:42:35.311 [main] INFO  com.hli.order.OrderMainApplication - No active profile set, falling back to 1 default profile: "default"
2025-06-29 19:42:35.687 [main] INFO  o.s.cloud.context.scope.GenericScope - BeanFactory id=25b4fa67-d3e1-3705-8f5a-36baf6e57a43
2025-06-29 19:42:35.843 [main] INFO  o.s.b.w.e.tomcat.TomcatWebServer - Tomcat initialized with port 8200 (http)
2025-06-29 19:42:35.851 [main] INFO  o.a.coyote.http11.Http11NioProtocol - Initializing ProtocolHandler ["http-nio-8200"]
2025-06-29 19:42:35.852 [main] INFO  o.a.catalina.core.StandardService - Starting service [Tomcat]
2025-06-29 19:42:35.852 [main] INFO  o.a.catalina.core.StandardEngine - Starting Servlet engine: [Apache Tomcat/10.1.42]
2025-06-29 19:42:35.887 [main] INFO  o.a.c.c.C.[Tomcat].[localhost].[/] - Initializing Spring embedded WebApplicationContext
2025-06-29 19:42:35.887 [main] INFO  o.s.b.w.s.c.ServletWebServerApplicationContext - Root WebApplicationContext: initialization completed in 548 ms
2025-06-29 19:42:36.175 [main] INFO  o.a.coyote.http11.Http11NioProtocol - Starting ProtocolHandler ["http-nio-8200"]
2025-06-29 19:42:36.187 [main] INFO  o.s.b.w.e.tomcat.TomcatWebServer - Tomcat started on port 8200 (http) with context path '/'
2025-06-29 19:42:36.852 [main] INFO  c.a.c.n.r.NacosServiceRegistry - nacos registry, DEFAULT_GROUP service-order 192.168.6.1:8200 register finished
2025-06-29 19:42:36.864 [main] INFO  com.hli.order.OrderMainApplication - Started OrderMainApplication in 1.978 seconds (process running for 2.516)
2025-06-29 19:42:53.348 [SpringApplicationShutdownHook] INFO  c.a.c.n.r.NacosServiceRegistry - De-registering from Nacos Server now...
2025-06-29 19:42:53.353 [SpringApplicationShutdownHook] INFO  c.a.c.n.r.NacosServiceRegistry - De-registration finished.
2025-06-29 19:43:03.374 [SpringApplicationShutdownHook] INFO  o.s.b.w.e.tomcat.GracefulShutdown - Commencing graceful shutdown. Waiting for active requests to complete
2025-06-29 19:43:03.386 [tomcat-shutdown] INFO  o.s.b.w.e.tomcat.GracefulShutdown - Graceful shutdown complete
2025-06-29 19:43:05.618 [main] INFO  com.hli.order.OrderMainApplication - Starting OrderMainApplication using Java 21.0.6 with PID 27944 (E:\项目暂存\cloud2025\services\service-order\target\classes started by lihao in E:\项目暂存\cloud2025)
2025-06-29 19:43:05.619 [main] INFO  com.hli.order.OrderMainApplication - No active profile set, falling back to 1 default profile: "default"
2025-06-29 19:43:05.997 [main] INFO  o.s.cloud.context.scope.GenericScope - BeanFactory id=25b4fa67-d3e1-3705-8f5a-36baf6e57a43
2025-06-29 19:43:06.158 [main] INFO  o.s.b.w.e.tomcat.TomcatWebServer - Tomcat initialized with port 8200 (http)
2025-06-29 19:43:06.166 [main] INFO  o.a.coyote.http11.Http11NioProtocol - Initializing ProtocolHandler ["http-nio-8200"]
2025-06-29 19:43:06.167 [main] INFO  o.a.catalina.core.StandardService - Starting service [Tomcat]
2025-06-29 19:43:06.168 [main] INFO  o.a.catalina.core.StandardEngine - Starting Servlet engine: [Apache Tomcat/10.1.42]
2025-06-29 19:43:06.204 [main] INFO  o.a.c.c.C.[Tomcat].[localhost].[/] - Initializing Spring embedded WebApplicationContext
2025-06-29 19:43:06.205 [main] INFO  o.s.b.w.s.c.ServletWebServerApplicationContext - Root WebApplicationContext: initialization completed in 557 ms
2025-06-29 19:43:06.478 [main] INFO  o.a.coyote.http11.Http11NioProtocol - Starting ProtocolHandler ["http-nio-8200"]
2025-06-29 19:43:06.492 [main] INFO  o.s.b.w.e.tomcat.TomcatWebServer - Tomcat started on port 8200 (http) with context path '/'
2025-06-29 19:43:07.162 [main] INFO  c.a.c.n.r.NacosServiceRegistry - nacos registry, DEFAULT_GROUP service-order 192.168.6.1:8200 register finished
2025-06-29 19:43:07.179 [main] INFO  com.hli.order.OrderMainApplication - Started OrderMainApplication in 1.978 seconds (process running for 2.506)
2025-06-29 23:19:21.267 [SpringApplicationShutdownHook] INFO  c.a.c.n.r.NacosServiceRegistry - De-registering from Nacos Server now...
2025-06-29 23:19:21.272 [SpringApplicationShutdownHook] INFO  c.a.c.n.r.NacosServiceRegistry - De-registration finished.
2025-06-29 23:19:31.282 [SpringApplicationShutdownHook] INFO  o.s.b.w.e.tomcat.GracefulShutdown - Commencing graceful shutdown. Waiting for active requests to complete
2025-06-29 23:19:31.295 [tomcat-shutdown] INFO  o.s.b.w.e.tomcat.GracefulShutdown - Graceful shutdown complete
