2025-09-16 20:38:37.046 [main] INFO  c.hli.product.ProductMainApplication - Starting ProductMainApplication using Java 21.0.6 with PID 11768 (E:\项目暂存\cloud2025\services\service-product\target\classes started by lihao in E:\项目暂存\cloud2025)
2025-09-16 20:38:37.050 [main] INFO  c.hli.product.ProductMainApplication - No active profile set, falling back to 1 default profile: "default"
2025-09-16 20:38:37.581 [main] INFO  o.s.cloud.context.scope.GenericScope - BeanFactory id=42bb8f10-0b16-3f4d-8d0f-7fe91c7ff72a
2025-09-16 20:38:37.990 [main] INFO  o.s.b.w.e.tomcat.TomcatWebServer - Tomcat initialized with port 8201 (http)
2025-09-16 20:38:38.003 [main] INFO  o.a.coyote.http11.Http11NioProtocol - Initializing ProtocolHandler ["http-nio-8201"]
2025-09-16 20:38:38.004 [main] INFO  o.a.catalina.core.StandardService - Starting service [Tomcat]
2025-09-16 20:38:38.004 [main] INFO  o.a.catalina.core.StandardEngine - Starting Servlet engine: [Apache Tomcat/10.1.42]
2025-09-16 20:38:38.055 [main] INFO  o.a.c.c.C.[Tomcat].[localhost].[/] - Initializing Spring embedded WebApplicationContext
2025-09-16 20:38:38.056 [main] INFO  o.s.b.w.s.c.ServletWebServerApplicationContext - Root WebApplicationContext: initialization completed in 968 ms
2025-09-16 20:38:38.153 [main] INFO  c.a.c.s.SentinelWebMvcConfigurer - [Sentinel Starter] register SentinelWebInterceptor with urlPatterns: [/**].
2025-09-16 20:38:39.408 [main] INFO  o.s.cloud.commons.util.InetUtils - Cannot determine local hostname
2025-09-16 20:38:40.108 [main] INFO  com.hli.order.OrderMainApplication - Starting OrderMainApplication using Java 21.0.6 with PID 21456 (E:\项目暂存\cloud2025\services\service-order\target\classes started by lihao in E:\项目暂存\cloud2025)
2025-09-16 20:38:40.109 [main] INFO  com.hli.order.OrderMainApplication - The following 1 profile is active: "dev"
2025-09-16 20:38:40.140 [main] INFO  c.a.c.n.c.NacosConfigDataLoader - [Nacos Config] Load config[dataId=common.yml, group=service-order] success
2025-09-16 20:38:40.140 [main] INFO  c.a.c.n.c.NacosConfigDataLoader - [Nacos Config] Load config[dataId=db.yml, group=service-order] success
2025-09-16 20:38:40.488 [main] INFO  o.s.cloud.commons.util.InetUtils - Cannot determine local hostname
2025-09-16 20:38:40.561 [main] INFO  o.a.coyote.http11.Http11NioProtocol - Starting ProtocolHandler ["http-nio-8201"]
2025-09-16 20:38:40.574 [main] INFO  o.s.b.w.e.tomcat.TomcatWebServer - Tomcat started on port 8201 (http) with context path '/'
2025-09-16 20:38:40.712 [main] INFO  o.s.cloud.context.scope.GenericScope - BeanFactory id=c84947fd-35ac-3f92-92b4-1bfe35f5c868
2025-09-16 20:38:41.042 [main] INFO  o.s.b.w.e.tomcat.TomcatWebServer - Tomcat initialized with port 8200 (http)
2025-09-16 20:38:41.052 [main] INFO  o.a.coyote.http11.Http11NioProtocol - Initializing ProtocolHandler ["http-nio-8200"]
2025-09-16 20:38:41.053 [main] INFO  o.a.catalina.core.StandardService - Starting service [Tomcat]
2025-09-16 20:38:41.053 [main] INFO  o.a.catalina.core.StandardEngine - Starting Servlet engine: [Apache Tomcat/10.1.42]
2025-09-16 20:38:41.094 [main] INFO  o.a.c.c.C.[Tomcat].[localhost].[/] - Initializing Spring embedded WebApplicationContext
2025-09-16 20:38:41.094 [main] INFO  o.s.b.w.s.c.ServletWebServerApplicationContext - Root WebApplicationContext: initialization completed in 952 ms
2025-09-16 20:38:41.480 [main] INFO  o.a.coyote.http11.Http11NioProtocol - Stopping ProtocolHandler ["http-nio-8201"]
2025-09-16 20:38:41.498 [main] INFO  o.s.b.a.l.ConditionEvaluationReportLogger - 

Error starting ApplicationContext. To display the condition evaluation report re-run your application with 'debug' enabled.
2025-09-16 20:38:46.583 [main] INFO  o.s.cloud.commons.util.InetUtils - Cannot determine local hostname
2025-09-16 20:38:47.612 [main] INFO  o.s.cloud.commons.util.InetUtils - Cannot determine local hostname
2025-09-16 20:38:47.740 [main] INFO  o.s.c.o.FeignClientFactoryBean - For 'service-product' URL not provided. Will try picking an instance via load-balancing.
2025-09-16 20:38:47.798 [main] INFO  c.a.c.s.SentinelWebMvcConfigurer - [Sentinel Starter] register SentinelWebInterceptor with urlPatterns: [/**].
2025-09-16 20:38:48.209 [main] INFO  o.a.coyote.http11.Http11NioProtocol - Starting ProtocolHandler ["http-nio-8200"]
2025-09-16 20:38:48.217 [main] INFO  o.s.b.w.e.tomcat.TomcatWebServer - Tomcat started on port 8200 (http) with context path '/'
2025-09-16 20:38:49.237 [main] INFO  o.s.cloud.commons.util.InetUtils - Cannot determine local hostname
2025-09-16 20:38:49.734 [main] INFO  o.a.coyote.http11.Http11NioProtocol - Stopping ProtocolHandler ["http-nio-8200"]
2025-09-16 20:38:50.631 [main] INFO  c.hli.product.ProductMainApplication - Starting ProductMainApplication using Java 21.0.6 with PID 8356 (E:\项目暂存\cloud2025\services\service-product\target\classes started by lihao in E:\项目暂存\cloud2025)
2025-09-16 20:38:50.631 [main] INFO  c.hli.product.ProductMainApplication - No active profile set, falling back to 1 default profile: "default"
2025-09-16 20:38:51.078 [main] INFO  o.s.cloud.context.scope.GenericScope - BeanFactory id=42bb8f10-0b16-3f4d-8d0f-7fe91c7ff72a
2025-09-16 20:38:51.386 [main] INFO  o.s.b.w.e.tomcat.TomcatWebServer - Tomcat initialized with port 8201 (http)
2025-09-16 20:38:51.395 [main] INFO  o.a.coyote.http11.Http11NioProtocol - Initializing ProtocolHandler ["http-nio-8201"]
2025-09-16 20:38:51.396 [main] INFO  o.a.catalina.core.StandardService - Starting service [Tomcat]
2025-09-16 20:38:51.397 [main] INFO  o.a.catalina.core.StandardEngine - Starting Servlet engine: [Apache Tomcat/10.1.42]
2025-09-16 20:38:51.438 [main] INFO  o.a.c.c.C.[Tomcat].[localhost].[/] - Initializing Spring embedded WebApplicationContext
2025-09-16 20:38:51.439 [main] INFO  o.s.b.w.s.c.ServletWebServerApplicationContext - Root WebApplicationContext: initialization completed in 778 ms
2025-09-16 20:38:51.525 [main] INFO  c.a.c.s.SentinelWebMvcConfigurer - [Sentinel Starter] register SentinelWebInterceptor with urlPatterns: [/**].
2025-09-16 20:38:52.774 [main] INFO  o.s.cloud.commons.util.InetUtils - Cannot determine local hostname
2025-09-16 20:38:53.871 [main] INFO  o.s.cloud.commons.util.InetUtils - Cannot determine local hostname
2025-09-16 20:38:53.936 [main] INFO  o.a.coyote.http11.Http11NioProtocol - Starting ProtocolHandler ["http-nio-8201"]
2025-09-16 20:38:53.948 [main] INFO  o.s.b.w.e.tomcat.TomcatWebServer - Tomcat started on port 8201 (http) with context path '/'
2025-09-16 20:38:54.825 [main] INFO  o.a.coyote.http11.Http11NioProtocol - Stopping ProtocolHandler ["http-nio-8201"]
2025-09-16 20:38:54.843 [main] INFO  o.s.b.a.l.ConditionEvaluationReportLogger - 

Error starting ApplicationContext. To display the condition evaluation report re-run your application with 'debug' enabled.
2025-09-16 20:38:59.759 [main] INFO  o.s.b.a.l.ConditionEvaluationReportLogger - 

Error starting ApplicationContext. To display the condition evaluation report re-run your application with 'debug' enabled.
2025-09-16 20:39:47.360 [main] INFO  c.hli.product.ProductMainApplication - Starting ProductMainApplication using Java 21.0.6 with PID 20656 (E:\项目暂存\cloud2025\services\service-product\target\classes started by lihao in E:\项目暂存\cloud2025)
2025-09-16 20:39:47.361 [main] INFO  c.hli.product.ProductMainApplication - No active profile set, falling back to 1 default profile: "default"
2025-09-16 20:39:47.857 [main] INFO  o.s.cloud.context.scope.GenericScope - BeanFactory id=42bb8f10-0b16-3f4d-8d0f-7fe91c7ff72a
2025-09-16 20:39:48.238 [main] INFO  o.s.b.w.e.tomcat.TomcatWebServer - Tomcat initialized with port 8201 (http)
2025-09-16 20:39:48.249 [main] INFO  o.a.coyote.http11.Http11NioProtocol - Initializing ProtocolHandler ["http-nio-8201"]
2025-09-16 20:39:48.250 [main] INFO  o.a.catalina.core.StandardService - Starting service [Tomcat]
2025-09-16 20:39:48.251 [main] INFO  o.a.catalina.core.StandardEngine - Starting Servlet engine: [Apache Tomcat/10.1.42]
2025-09-16 20:39:48.299 [main] INFO  o.a.c.c.C.[Tomcat].[localhost].[/] - Initializing Spring embedded WebApplicationContext
2025-09-16 20:39:48.299 [main] INFO  o.s.b.w.s.c.ServletWebServerApplicationContext - Root WebApplicationContext: initialization completed in 902 ms
2025-09-16 20:39:48.395 [main] INFO  c.a.c.s.SentinelWebMvcConfigurer - [Sentinel Starter] register SentinelWebInterceptor with urlPatterns: [/**].
2025-09-16 20:39:49.900 [main] INFO  o.s.cloud.commons.util.InetUtils - Cannot determine local hostname
2025-09-16 20:39:50.085 [main] INFO  com.hli.order.OrderMainApplication - Starting OrderMainApplication using Java 21.0.6 with PID 8140 (E:\项目暂存\cloud2025\services\service-order\target\classes started by lihao in E:\项目暂存\cloud2025)
2025-09-16 20:39:50.086 [main] INFO  com.hli.order.OrderMainApplication - The following 1 profile is active: "dev"
2025-09-16 20:39:50.115 [main] INFO  c.a.c.n.c.NacosConfigDataLoader - [Nacos Config] Load config[dataId=common.yml, group=service-order] success
2025-09-16 20:39:50.115 [main] INFO  c.a.c.n.c.NacosConfigDataLoader - [Nacos Config] Load config[dataId=db.yml, group=service-order] success
2025-09-16 20:39:50.616 [main] INFO  o.s.cloud.context.scope.GenericScope - BeanFactory id=c84947fd-35ac-3f92-92b4-1bfe35f5c868
2025-09-16 20:39:50.933 [main] INFO  o.s.b.w.e.tomcat.TomcatWebServer - Tomcat initialized with port 8200 (http)
2025-09-16 20:39:50.943 [main] INFO  o.a.coyote.http11.Http11NioProtocol - Initializing ProtocolHandler ["http-nio-8200"]
2025-09-16 20:39:50.944 [main] INFO  o.a.catalina.core.StandardService - Starting service [Tomcat]
2025-09-16 20:39:50.945 [main] INFO  o.a.catalina.core.StandardEngine - Starting Servlet engine: [Apache Tomcat/10.1.42]
2025-09-16 20:39:50.985 [main] INFO  o.a.c.c.C.[Tomcat].[localhost].[/] - Initializing Spring embedded WebApplicationContext
2025-09-16 20:39:50.985 [main] INFO  o.s.b.w.s.c.ServletWebServerApplicationContext - Root WebApplicationContext: initialization completed in 869 ms
2025-09-16 20:39:50.987 [main] INFO  o.s.cloud.commons.util.InetUtils - Cannot determine local hostname
2025-09-16 20:39:51.062 [main] INFO  o.a.coyote.http11.Http11NioProtocol - Starting ProtocolHandler ["http-nio-8201"]
2025-09-16 20:39:51.075 [main] INFO  o.s.b.w.e.tomcat.TomcatWebServer - Tomcat started on port 8201 (http) with context path '/'
2025-09-16 20:39:51.761 [main] INFO  c.a.c.n.r.NacosServiceRegistry - nacos registry, DEFAULT_GROUP service-product 192.168.6.1:8201 register finished
2025-09-16 20:39:52.074 [main] INFO  o.s.cloud.commons.util.InetUtils - Cannot determine local hostname
2025-09-16 20:39:52.771 [main] INFO  o.s.cloud.commons.util.InetUtils - Cannot determine local hostname
2025-09-16 20:39:52.775 [main] INFO  c.hli.product.ProductMainApplication - Started ProductMainApplication in 6.943 seconds (process running for 7.662)
2025-09-16 20:39:53.094 [main] INFO  o.s.cloud.commons.util.InetUtils - Cannot determine local hostname
2025-09-16 20:39:53.227 [main] INFO  o.s.c.o.FeignClientFactoryBean - For 'service-product' URL not provided. Will try picking an instance via load-balancing.
2025-09-16 20:39:53.278 [main] INFO  c.a.c.s.SentinelWebMvcConfigurer - [Sentinel Starter] register SentinelWebInterceptor with urlPatterns: [/**].
2025-09-16 20:39:53.581 [main] INFO  o.a.coyote.http11.Http11NioProtocol - Starting ProtocolHandler ["http-nio-8200"]
2025-09-16 20:39:53.589 [main] INFO  o.s.b.w.e.tomcat.TomcatWebServer - Tomcat started on port 8200 (http) with context path '/'
2025-09-16 20:39:54.595 [main] INFO  o.s.cloud.commons.util.InetUtils - Cannot determine local hostname
2025-09-16 20:39:54.825 [main] INFO  c.a.c.n.r.NacosServiceRegistry - nacos registry, DEFAULT_GROUP service-order 192.168.6.1:8200 register finished
2025-09-16 20:39:54.830 [main] INFO  com.hli.order.OrderMainApplication - Started OrderMainApplication in 7.735 seconds (process running for 8.436)
2025-09-16 20:39:54.841 [main] INFO  com.hli.order.OrderMainApplication - start_nacosConfig_conversionInfo_listener!
2025-09-16 20:39:54.842 [main] INFO  c.a.c.n.r.NacosContextRefresher - [Nacos Config] Listening config: dataId=db.yml, group=service-order
2025-09-16 20:39:54.843 [main] INFO  c.a.c.n.r.NacosContextRefresher - [Nacos Config] Listening config: dataId=common.yml, group=service-order
