2025-06-30 17:56:23.788 [main] INFO  com.hli.order.OrderMainApplication - Starting OrderMainApplication using Java 21.0.6 with PID 1572 (E:\项目暂存\cloud2025\services\service-order\target\classes started by lihao in E:\项目暂存\cloud2025)
2025-06-30 17:56:23.790 [main] INFO  com.hli.order.OrderMainApplication - No active profile set, falling back to 1 default profile: "default"
2025-06-30 17:56:24.228 [main] INFO  o.s.cloud.context.scope.GenericScope - BeanFactory id=25b4fa67-d3e1-3705-8f5a-36baf6e57a43
2025-06-30 17:56:24.403 [main] INFO  o.s.b.w.e.tomcat.TomcatWebServer - Tomcat initialized with port 8200 (http)
2025-06-30 17:56:24.412 [main] INFO  o.a.coyote.http11.Http11NioProtocol - Initializing ProtocolHandler ["http-nio-8200"]
2025-06-30 17:56:24.414 [main] INFO  o.a.catalina.core.StandardService - Starting service [Tomcat]
2025-06-30 17:56:24.414 [main] INFO  o.a.catalina.core.StandardEngine - Starting Servlet engine: [Apache Tomcat/10.1.42]
2025-06-30 17:56:24.454 [main] INFO  o.a.c.c.C.[Tomcat].[localhost].[/] - Initializing Spring embedded WebApplicationContext
2025-06-30 17:56:24.454 [main] INFO  o.s.b.w.s.c.ServletWebServerApplicationContext - Root WebApplicationContext: initialization completed in 631 ms
2025-06-30 17:56:24.770 [main] INFO  o.a.coyote.http11.Http11NioProtocol - Starting ProtocolHandler ["http-nio-8200"]
2025-06-30 17:56:24.781 [main] INFO  o.s.b.w.e.tomcat.TomcatWebServer - Tomcat started on port 8200 (http) with context path '/'
2025-06-30 17:56:25.754 [main] INFO  o.a.coyote.http11.Http11NioProtocol - Stopping ProtocolHandler ["http-nio-8200"]
2025-06-30 17:56:25.768 [main] INFO  o.s.b.a.l.ConditionEvaluationReportLogger - 

Error starting ApplicationContext. To display the condition evaluation report re-run your application with 'debug' enabled.
2025-06-30 17:58:26.514 [main] INFO  com.hli.order.OrderMainApplication - Starting OrderMainApplication using Java 21.0.6 with PID 8732 (E:\项目暂存\cloud2025\services\service-order\target\classes started by lihao in E:\项目暂存\cloud2025)
2025-06-30 17:58:26.515 [main] INFO  com.hli.order.OrderMainApplication - No active profile set, falling back to 1 default profile: "default"
2025-06-30 17:58:26.897 [main] INFO  o.s.cloud.context.scope.GenericScope - BeanFactory id=25b4fa67-d3e1-3705-8f5a-36baf6e57a43
2025-06-30 17:58:27.053 [main] INFO  o.s.b.w.e.tomcat.TomcatWebServer - Tomcat initialized with port 8200 (http)
2025-06-30 17:58:27.061 [main] INFO  o.a.coyote.http11.Http11NioProtocol - Initializing ProtocolHandler ["http-nio-8200"]
2025-06-30 17:58:27.063 [main] INFO  o.a.catalina.core.StandardService - Starting service [Tomcat]
2025-06-30 17:58:27.063 [main] INFO  o.a.catalina.core.StandardEngine - Starting Servlet engine: [Apache Tomcat/10.1.42]
2025-06-30 17:58:27.099 [main] INFO  o.a.c.c.C.[Tomcat].[localhost].[/] - Initializing Spring embedded WebApplicationContext
2025-06-30 17:58:27.099 [main] INFO  o.s.b.w.s.c.ServletWebServerApplicationContext - Root WebApplicationContext: initialization completed in 557 ms
2025-06-30 17:58:27.377 [main] INFO  o.a.coyote.http11.Http11NioProtocol - Starting ProtocolHandler ["http-nio-8200"]
2025-06-30 17:58:27.394 [main] INFO  o.s.b.w.e.tomcat.TomcatWebServer - Tomcat started on port 8200 (http) with context path '/'
2025-06-30 17:58:28.568 [main] INFO  c.a.c.n.r.NacosServiceRegistry - nacos registry, DEFAULT_GROUP service-order 192.168.6.1:8200 register finished
2025-06-30 17:58:28.580 [main] INFO  com.hli.order.OrderMainApplication - Started OrderMainApplication in 2.502 seconds (process running for 3.077)
