2025-07-20 17:05:38.150 [main] INFO  c.a.n.client.logging.NacosLogging - Nacos Logging Adapter Builder: com.alibaba.nacos.logger.adapter.logback12.LogbackNacosLoggingAdapterBuilder
2025-07-20 17:05:38.157 [main] WARN  c.a.n.client.logging.NacosLogging - Nacos Logging don't find adapter, logging will print into application logs.
2025-07-20 17:05:42.074 [Thread-4] INFO  c.a.n.c.a.r.i.CredentialWatcher - null No credential found
2025-07-20 17:05:42.076 [main] INFO  c.a.nacos.client.utils.ParamUtil - [settings] [req-serv] nacos-server port:8848
2025-07-20 17:05:42.077 [main] INFO  c.a.nacos.client.utils.ParamUtil - [settings] [http-client] connect timeout:1000
2025-07-20 17:05:42.078 [main] INFO  c.a.nacos.client.utils.ParamUtil - PER_TASK_CONFIG_SIZE: 3000.0
2025-07-20 17:05:42.080 [main] INFO  com.alibaba.nacos.client.naming - Nacos client key init properties: 
	serverAddr=127.0.0.1:7000
	username=nacos
	password=n***s

2025-07-20 17:05:42.082 [main] INFO  com.alibaba.nacos.client.naming - initializer namespace from ans.namespace attribute : null
2025-07-20 17:05:42.082 [main] INFO  com.alibaba.nacos.client.naming - initializer namespace from ALIBABA_ALIWARE_NAMESPACE attribute :null
2025-07-20 17:05:42.083 [main] INFO  com.alibaba.nacos.client.naming - initializer namespace from namespace attribute :null
2025-07-20 17:05:42.098 [main] INFO  com.alibaba.nacos.client.naming - FailoverDataSource type is class com.alibaba.nacos.client.naming.backups.datasource.DiskFailoverDataSource
2025-07-20 17:05:42.119 [main] INFO  c.a.n.p.a.s.c.ClientAuthPluginManager - [ClientAuthPluginManager] Load ClientAuthService com.alibaba.nacos.client.auth.impl.NacosClientAuthServiceImpl success.
2025-07-20 17:05:42.121 [main] INFO  c.a.n.p.a.s.c.ClientAuthPluginManager - [ClientAuthPluginManager] Load ClientAuthService com.alibaba.nacos.client.auth.ram.RamClientAuthServiceImpl success.
2025-07-20 17:05:42.936 [main] INFO  c.alibaba.nacos.common.remote.client - [RpcClientFactory] create a new rpc client of 56c5f05b-a0c9-4162-88b1-72bb9d0d2718
2025-07-20 17:05:42.960 [main] INFO  com.alibaba.nacos.client.naming - Create naming rpc client for uuid->56c5f05b-a0c9-4162-88b1-72bb9d0d2718
2025-07-20 17:05:42.961 [main] INFO  c.alibaba.nacos.common.remote.client - [56c5f05b-a0c9-4162-88b1-72bb9d0d2718] RpcClient init, ServerListFactory = com.alibaba.nacos.client.naming.core.ServerListManager
2025-07-20 17:05:42.961 [main] INFO  c.alibaba.nacos.common.remote.client - [56c5f05b-a0c9-4162-88b1-72bb9d0d2718] Registry connection listener to current client:com.alibaba.nacos.client.naming.remote.gprc.redo.NamingGrpcRedoService
2025-07-20 17:05:42.961 [main] INFO  c.alibaba.nacos.common.remote.client - [56c5f05b-a0c9-4162-88b1-72bb9d0d2718] Register server push request handler:com.alibaba.nacos.client.naming.remote.gprc.NamingPushRequestHandler
2025-07-20 17:05:42.962 [main] INFO  c.alibaba.nacos.common.remote.client - [56c5f05b-a0c9-4162-88b1-72bb9d0d2718] Try to connect to server on start up, server: {serverIp = '127.0.0.1', server main port = 7000}
2025-07-20 17:05:42.986 [main] INFO  c.a.n.c.r.client.grpc.GrpcClient - grpc client connection server:127.0.0.1 ip,serverPort:8000,grpcTslConfig:{"enableTls":false,"mutualAuthEnable":false,"trustAll":true}
2025-07-20 17:05:43.814 [main] INFO  c.a.n.c.a.AbstractAbilityControlManager - Ready to get current node abilities...
2025-07-20 17:05:43.816 [main] INFO  c.a.n.c.a.AbstractAbilityControlManager - Ready to initialize current node abilities, support modes: [SDK_CLIENT]
2025-07-20 17:05:43.816 [main] INFO  c.a.n.c.a.AbstractAbilityControlManager - Initialize current abilities finish...
2025-07-20 17:05:43.817 [main] INFO  c.a.n.c.a.d.NacosAbilityManagerHolder - [AbilityControlManager] Successfully initialize AbilityControlManager
2025-07-20 17:05:43.909 [main] INFO  c.alibaba.nacos.common.remote.client - [56c5f05b-a0c9-4162-88b1-72bb9d0d2718] Success to connect to server [127.0.0.1:7000] on start up, connectionId = 1753002343664_127.0.0.1_56082
2025-07-20 17:05:43.909 [com.alibaba.nacos.client.remote.worker.0] INFO  c.alibaba.nacos.common.remote.client - [56c5f05b-a0c9-4162-88b1-72bb9d0d2718] Notify connected event to listeners.
2025-07-20 17:05:43.910 [com.alibaba.nacos.client.remote.worker.0] INFO  com.alibaba.nacos.client.naming - Grpc connection connect
2025-07-20 17:05:43.910 [main] INFO  c.alibaba.nacos.common.remote.client - [56c5f05b-a0c9-4162-88b1-72bb9d0d2718] Register server push request handler:com.alibaba.nacos.common.remote.client.RpcClient$ConnectResetRequestHandler
2025-07-20 17:05:43.910 [main] INFO  c.alibaba.nacos.common.remote.client - [56c5f05b-a0c9-4162-88b1-72bb9d0d2718] Register server push request handler:com.alibaba.nacos.common.remote.client.RpcClient$$Lambda/0x00000212016e7d50
2025-07-20 17:05:43.911 [main] INFO  com.alibaba.nacos.client.naming - [REGISTER-SERVICE] public registering service service-order with instance Instance{instanceId='null', ip='192.168.6.1', port=8200, weight=1.0, healthy=true, enabled=true, ephemeral=true, clusterName='', serviceName='null', metadata={IPv6=null, preserved.register.source=SPRING_CLOUD}}
2025-07-20 17:05:53.686 [Thread-6] WARN  c.a.nacos.common.notify.NotifyCenter - [NotifyCenter] Start destroying Publisher
2025-07-20 17:05:53.686 [Thread-6] WARN  c.a.nacos.common.notify.NotifyCenter - [NotifyCenter] Destruction of the end
2025-07-20 17:05:53.686 [Thread-8] WARN  c.a.n.c.http.HttpClientBeanHolder - [HttpClientBeanHolder] Start destroying common HttpClient
2025-07-20 17:05:53.687 [Thread-8] WARN  c.a.n.c.http.HttpClientBeanHolder - [HttpClientBeanHolder] Destruction of the end
2025-07-20 17:05:53.688 [SpringApplicationShutdownHook] INFO  com.alibaba.nacos.client.naming - [DEREGISTER-SERVICE] public deregistering service service-order with instance: Instance{instanceId='null', ip='192.168.6.1', port=8200, weight=1.0, healthy=true, enabled=true, ephemeral=true, clusterName='', serviceName='null', metadata={}}
2025-07-20 17:05:53.706 [SpringApplicationShutdownHook] INFO  com.alibaba.nacos.client.naming - com.alibaba.nacos.client.naming.cache.ServiceInfoHolder do shutdown begin
2025-07-20 17:05:53.706 [SpringApplicationShutdownHook] INFO  com.alibaba.nacos.client.naming - com.alibaba.nacos.client.naming.backups.FailoverReactor do shutdown begin
2025-07-20 17:05:53.706 [SpringApplicationShutdownHook] INFO  com.alibaba.nacos.client.naming - com.alibaba.nacos.client.naming.backups.FailoverReactor do shutdown stop
2025-07-20 17:05:53.706 [SpringApplicationShutdownHook] INFO  com.alibaba.nacos.client.naming - com.alibaba.nacos.client.naming.cache.ServiceInfoHolder do shutdown stop
2025-07-20 17:05:53.706 [SpringApplicationShutdownHook] INFO  com.alibaba.nacos.client.naming - com.alibaba.nacos.client.naming.remote.NamingClientProxyDelegate do shutdown begin
2025-07-20 17:05:53.706 [SpringApplicationShutdownHook] INFO  com.alibaba.nacos.client.naming - com.alibaba.nacos.client.naming.core.ServiceInfoUpdateService do shutdown begin
2025-07-20 17:05:53.706 [SpringApplicationShutdownHook] INFO  com.alibaba.nacos.client.naming - com.alibaba.nacos.client.naming.core.ServiceInfoUpdateService do shutdown stop
2025-07-20 17:05:53.706 [SpringApplicationShutdownHook] INFO  com.alibaba.nacos.client.naming - com.alibaba.nacos.client.naming.core.ServerListManager do shutdown begin
2025-07-20 17:05:53.706 [SpringApplicationShutdownHook] WARN  com.alibaba.nacos.client.naming - [NamingHttpClientManager] Start destroying NacosRestTemplate
2025-07-20 17:05:53.706 [SpringApplicationShutdownHook] WARN  com.alibaba.nacos.client.naming - [NamingHttpClientManager] Destruction of the end
2025-07-20 17:05:53.706 [SpringApplicationShutdownHook] INFO  com.alibaba.nacos.client.naming - com.alibaba.nacos.client.naming.core.ServerListManager do shutdown stop
2025-07-20 17:05:53.706 [SpringApplicationShutdownHook] INFO  com.alibaba.nacos.client.naming - com.alibaba.nacos.client.naming.remote.http.NamingHttpClientProxy do shutdown begin
2025-07-20 17:05:53.706 [SpringApplicationShutdownHook] WARN  com.alibaba.nacos.client.naming - [NamingHttpClientManager] Start destroying NacosRestTemplate
2025-07-20 17:05:53.707 [SpringApplicationShutdownHook] WARN  com.alibaba.nacos.client.naming - [NamingHttpClientManager] Destruction of the end
2025-07-20 17:05:53.707 [SpringApplicationShutdownHook] INFO  com.alibaba.nacos.client.naming - com.alibaba.nacos.client.naming.remote.http.NamingHttpClientProxy do shutdown stop
2025-07-20 17:05:53.707 [SpringApplicationShutdownHook] INFO  com.alibaba.nacos.client.naming - Shutdown naming grpc client proxy for  uuid->56c5f05b-a0c9-4162-88b1-72bb9d0d2718
2025-07-20 17:05:53.707 [SpringApplicationShutdownHook] INFO  com.alibaba.nacos.client.naming - Shutdown grpc redo service executor java.util.concurrent.ScheduledThreadPoolExecutor@632241f5[Running, pool size = 1, active threads = 0, queued tasks = 1, completed tasks = 3]
2025-07-20 17:05:53.707 [SpringApplicationShutdownHook] INFO  c.alibaba.nacos.common.remote.client - Shutdown rpc client, set status to shutdown
2025-07-20 17:05:53.707 [SpringApplicationShutdownHook] INFO  c.alibaba.nacos.common.remote.client - Shutdown client event executor java.util.concurrent.ScheduledThreadPoolExecutor@4baf997[Running, pool size = 2, active threads = 2, queued tasks = 0, completed tasks = 0]
2025-07-20 17:05:53.707 [SpringApplicationShutdownHook] INFO  c.alibaba.nacos.common.remote.client - Close current connection 1753002343664_127.0.0.1_56082
2025-07-20 17:05:53.710 [nacos-grpc-client-executor-127.0.0.1-15] INFO  c.a.n.c.r.client.grpc.GrpcClient - [1753002343664_127.0.0.1_56082]Ignore complete event,isRunning:false,isAbandon=false
2025-07-20 17:05:53.711 [SpringApplicationShutdownHook] INFO  c.a.n.c.r.client.grpc.GrpcClient - Shutdown grpc executor java.util.concurrent.ThreadPoolExecutor@227a933d[Running, pool size = 13, active threads = 0, queued tasks = 0, completed tasks = 16]
2025-07-20 17:05:53.711 [SpringApplicationShutdownHook] INFO  com.alibaba.nacos.client.naming - shutdown and remove naming rpc client  for uuid ->56c5f05b-a0c9-4162-88b1-72bb9d0d2718
2025-07-20 17:05:53.711 [SpringApplicationShutdownHook] INFO  c.a.n.c.a.r.i.CredentialWatcher - [null] CredentialWatcher is stopped
2025-07-20 17:05:53.711 [SpringApplicationShutdownHook] INFO  c.a.n.c.a.r.i.CredentialService - [null] CredentialService is freed
2025-07-20 17:05:53.711 [SpringApplicationShutdownHook] INFO  com.alibaba.nacos.client.naming - com.alibaba.nacos.client.naming.remote.NamingClientProxyDelegate do shutdown stop
